<?xml version="1.0" encoding="UTF-8"?>
<!-- Generated by org.testng.reporters.JUnitReportReporter -->
<testsuite hostname="DESKTOP-INF5TLD" failures="0" tests="4" name="api.tests.UserTest2" time="5.251" errors="0" timestamp="2023-06-30T17:16:04 IST" skipped="0">
  <testcase classname="api.tests.UserTest2" name="testPostUser" time="1.075"/>
  <system-out/>
  <testcase classname="api.tests.UserTest2" name="testGetUserByName" time="1.063"/>
  <system-out/>
  <testcase classname="api.tests.UserTest2" name="updateUserByName" time="2.112"/>
  <system-out/>
  <testcase classname="api.tests.UserTest2" name="testDeleteUserByName" time="1.001"/>
  <system-out/>
</testsuite> <!-- api.tests.UserTest2 -->
