<?xml version="1.0" encoding="UTF-8"?>
<!-- Generated by org.testng.reporters.JUnitReportReporter -->
<testsuite hostname="DESKTOP-INF5TLD" failures="0" tests="4" name="api.tests.UserTest" time="9.102" errors="0" timestamp="2023-06-30T17:16:04 IST" skipped="0">
  <testcase classname="api.tests.UserTest" name="testPostUser" time="4.135"/>
  <system-out/>
  <testcase classname="api.tests.UserTest" name="testGetUserByName" time="1.167"/>
  <system-out/>
  <testcase classname="api.tests.UserTest" name="updateUserByName" time="2.704"/>
  <system-out/>
  <testcase classname="api.tests.UserTest" name="testDeleteUserByName" time="1.096"/>
  <system-out/>
</testsuite> <!-- api.tests.UserTest -->
